

Started GET "/" for ::1 at 2016-01-24 17:54:34 +0200
Processing by Rails::WelcomeController#index as HTML
  Rendered /Library/Ruby/Gems/2.0.0/gems/railties-4.2.5/lib/rails/templates/rails/welcome/index.html.erb (2.8ms)
Completed 200 OK in 46ms (Views: 19.9ms | ActiveRecord: 0.0ms)


Started GET "/" for ::1 at 2016-01-24 17:59:57 +0200

ActiveRecord::PendingMigrationError (

Migrations are pending. To resolve this issue, run:

	bin/rake db:migrate RAILS_ENV=development

):
  activerecord (4.2.5) lib/active_record/migration.rb:392:in `check_pending!'
  activerecord (4.2.5) lib/active_record/migration.rb:373:in `call'
  actionpack (4.2.5) lib/action_dispatch/middleware/callbacks.rb:29:in `block in call'
  activesupport (4.2.5) lib/active_support/callbacks.rb:88:in `__run_callbacks__'
  activesupport (4.2.5) lib/active_support/callbacks.rb:778:in `_run_call_callbacks'
  activesupport (4.2.5) lib/active_support/callbacks.rb:81:in `run_callbacks'
  actionpack (4.2.5) lib/action_dispatch/middleware/callbacks.rb:27:in `call'
  actionpack (4.2.5) lib/action_dispatch/middleware/reloader.rb:73:in `call'
  actionpack (4.2.5) lib/action_dispatch/middleware/remote_ip.rb:78:in `call'
  actionpack (4.2.5) lib/action_dispatch/middleware/debug_exceptions.rb:17:in `call'
  web-console (2.2.1) lib/web_console/middleware.rb:39:in `call'
  actionpack (4.2.5) lib/action_dispatch/middleware/show_exceptions.rb:30:in `call'
  railties (4.2.5) lib/rails/rack/logger.rb:38:in `call_app'
  railties (4.2.5) lib/rails/rack/logger.rb:20:in `block in call'
  activesupport (4.2.5) lib/active_support/tagged_logging.rb:68:in `block in tagged'
  activesupport (4.2.5) lib/active_support/tagged_logging.rb:26:in `tagged'
  activesupport (4.2.5) lib/active_support/tagged_logging.rb:68:in `tagged'
  railties (4.2.5) lib/rails/rack/logger.rb:20:in `call'
  actionpack (4.2.5) lib/action_dispatch/middleware/request_id.rb:21:in `call'
  rack (1.6.4) lib/rack/methodoverride.rb:22:in `call'
  rack (1.6.4) lib/rack/runtime.rb:18:in `call'
  activesupport (4.2.5) lib/active_support/cache/strategy/local_cache_middleware.rb:28:in `call'
  rack (1.6.4) lib/rack/lock.rb:17:in `call'
  actionpack (4.2.5) lib/action_dispatch/middleware/static.rb:116:in `call'
  rack (1.6.4) lib/rack/sendfile.rb:113:in `call'
  railties (4.2.5) lib/rails/engine.rb:518:in `call'
  railties (4.2.5) lib/rails/application.rb:165:in `call'
  rack (1.6.4) lib/rack/lock.rb:17:in `call'
  rack (1.6.4) lib/rack/content_length.rb:15:in `call'
  rack (1.6.4) lib/rack/handler/webrick.rb:88:in `service'
  /System/Library/Frameworks/Ruby.framework/Versions/2.0/usr/lib/ruby/2.0.0/webrick/httpserver.rb:138:in `service'
  /System/Library/Frameworks/Ruby.framework/Versions/2.0/usr/lib/ruby/2.0.0/webrick/httpserver.rb:94:in `run'
  /System/Library/Frameworks/Ruby.framework/Versions/2.0/usr/lib/ruby/2.0.0/webrick/server.rb:295:in `block in start_thread'


  Rendered /Library/Ruby/Gems/2.0.0/gems/actionpack-4.2.5/lib/action_dispatch/middleware/templates/rescues/_source.erb (2.9ms)
  Rendered /Library/Ruby/Gems/2.0.0/gems/actionpack-4.2.5/lib/action_dispatch/middleware/templates/rescues/_trace.html.erb (2.1ms)
  Rendered /Library/Ruby/Gems/2.0.0/gems/actionpack-4.2.5/lib/action_dispatch/middleware/templates/rescues/_request_and_response.html.erb (1.3ms)
  Rendered /Library/Ruby/Gems/2.0.0/gems/actionpack-4.2.5/lib/action_dispatch/middleware/templates/rescues/diagnostics.html.erb within rescues/layout (29.3ms)
  Rendered /Library/Ruby/Gems/2.0.0/gems/web-console-2.2.1/lib/web_console/templates/_markup.html.erb (0.6ms)
  Rendered /Library/Ruby/Gems/2.0.0/gems/web-console-2.2.1/lib/web_console/templates/_inner_console_markup.html.erb within layouts/inlined_string (0.4ms)
  Rendered /Library/Ruby/Gems/2.0.0/gems/web-console-2.2.1/lib/web_console/templates/_prompt_box_markup.html.erb within layouts/inlined_string (0.4ms)
  Rendered /Library/Ruby/Gems/2.0.0/gems/web-console-2.2.1/lib/web_console/templates/style.css.erb within layouts/inlined_string (0.6ms)
  Rendered /Library/Ruby/Gems/2.0.0/gems/web-console-2.2.1/lib/web_console/templates/console.js.erb within layouts/javascript (21.2ms)
  Rendered /Library/Ruby/Gems/2.0.0/gems/web-console-2.2.1/lib/web_console/templates/main.js.erb within layouts/javascript (0.5ms)
  Rendered /Library/Ruby/Gems/2.0.0/gems/web-console-2.2.1/lib/web_console/templates/error_page.js.erb within layouts/javascript (0.5ms)
  Rendered /Library/Ruby/Gems/2.0.0/gems/web-console-2.2.1/lib/web_console/templates/index.html.erb (51.5ms)
  [1m[36m (1.5ms)[0m  [1mCREATE TABLE "schema_migrations" ("version" varchar NOT NULL) [0m
  [1m[35m (0.7ms)[0m  select sqlite_version(*)
  [1m[36m (1.5ms)[0m  [1mCREATE UNIQUE INDEX "unique_schema_migrations" ON "schema_migrations" ("version")[0m
  [1m[35mActiveRecord::SchemaMigration Load (0.2ms)[0m  SELECT "schema_migrations".* FROM "schema_migrations"
Migrating to CreateBreweries (20160124155829)
  [1m[36m (0.1ms)[0m  [1mbegin transaction[0m
  [1m[35m (0.5ms)[0m  CREATE TABLE "breweries" ("id" INTEGER PRIMARY KEY AUTOINCREMENT NOT NULL, "name" varchar, "year" integer, "created_at" datetime NOT NULL, "updated_at" datetime NOT NULL) 
  [1m[36mSQL (0.7ms)[0m  [1mINSERT INTO "schema_migrations" ("version") VALUES (?)[0m  [["version", "20160124155829"]]
  [1m[35m (1.4ms)[0m  commit transaction
  [1m[36mActiveRecord::SchemaMigration Load (0.1ms)[0m  [1mSELECT "schema_migrations".* FROM "schema_migrations"[0m


Started GET "/" for ::1 at 2016-01-24 18:01:01 +0200
  [1m[36mActiveRecord::SchemaMigration Load (0.4ms)[0m  [1mSELECT "schema_migrations".* FROM "schema_migrations"[0m
Processing by Rails::WelcomeController#index as HTML
  Rendered /Library/Ruby/Gems/2.0.0/gems/railties-4.2.5/lib/rails/templates/rails/welcome/index.html.erb (1.6ms)
Completed 200 OK in 33ms (Views: 9.8ms | ActiveRecord: 0.0ms)


Started GET "/breweries" for ::1 at 2016-01-24 18:01:07 +0200
Processing by BreweriesController#index as HTML
  [1m[35mBrewery Load (0.7ms)[0m  SELECT "breweries".* FROM "breweries"
  Rendered breweries/index.html.erb within layouts/application (8.8ms)
Completed 200 OK in 2666ms (Views: 2658.8ms | ActiveRecord: 1.2ms)


Started GET "/assets/breweries.self-e3b0c44298fc1c149afbf4c8996fb92427ae41e4649b934ca495991b7852b855.css?body=1" for ::1 at 2016-01-24 18:01:10 +0200


Started GET "/assets/application.self-e80e8f2318043e8af94dddc2adad5a4f09739a8ebb323b3ab31cd71d45fd9113.css?body=1" for ::1 at 2016-01-24 18:01:10 +0200


Started GET "/assets/breweries.self-877aef30ae1b040ab8a3aba4e3e309a11d7f2612f44dde450b5c157aa5f95c05.js?body=1" for ::1 at 2016-01-24 18:01:10 +0200


Started GET "/assets/scaffolds.self-1a9e06cce494d6250898a9739515f61ffc4481781524fb0a4ffc79196042f604.css?body=1" for ::1 at 2016-01-24 18:01:10 +0200


Started GET "/assets/jquery.self-c64a74367bda6ef8b860f19e74df08927ca99d2be2ac934e9e92d5fd361e0da4.js?body=1" for ::1 at 2016-01-24 18:01:10 +0200


Started GET "/assets/application.self-3b8dabdc891efe46b9a144b400ad69e37d7e5876bdc39dee783419a69d7ca819.js?body=1" for ::1 at 2016-01-24 18:01:10 +0200


Started GET "/assets/jquery_ujs.self-d602bdfe68ffc63b9f9cc512872aa3cfff046228a0a36e90dd476e8ef54c1b09.js?body=1" for ::1 at 2016-01-24 18:01:10 +0200


Started GET "/assets/turbolinks.self-c37727e9bd6b2735da5c311aa83fead54ed0be6cc8bd9a65309e9c5abe2cbfff.js?body=1" for ::1 at 2016-01-24 18:01:10 +0200


Started GET "/breweries" for ::1 at 2016-01-24 18:08:18 +0200
Processing by BreweriesController#index as HTML
  [1m[36mBrewery Load (0.8ms)[0m  [1mSELECT "breweries".* FROM "breweries"[0m
  Rendered breweries/index.html.erb within layouts/application (16.9ms)
Completed 200 OK in 111ms (Views: 96.4ms | ActiveRecord: 0.8ms)


Started GET "/assets/breweries.self-e3b0c44298fc1c149afbf4c8996fb92427ae41e4649b934ca495991b7852b855.css?body=1" for ::1 at 2016-01-24 18:08:18 +0200


Started GET "/assets/scaffolds.self-1a9e06cce494d6250898a9739515f61ffc4481781524fb0a4ffc79196042f604.css?body=1" for ::1 at 2016-01-24 18:08:18 +0200


Started GET "/assets/application.self-e80e8f2318043e8af94dddc2adad5a4f09739a8ebb323b3ab31cd71d45fd9113.css?body=1" for ::1 at 2016-01-24 18:08:18 +0200


Started GET "/assets/breweries.self-877aef30ae1b040ab8a3aba4e3e309a11d7f2612f44dde450b5c157aa5f95c05.js?body=1" for ::1 at 2016-01-24 18:08:18 +0200


Started GET "/assets/jquery.self-c64a74367bda6ef8b860f19e74df08927ca99d2be2ac934e9e92d5fd361e0da4.js?body=1" for ::1 at 2016-01-24 18:08:18 +0200


Started GET "/assets/jquery_ujs.self-d602bdfe68ffc63b9f9cc512872aa3cfff046228a0a36e90dd476e8ef54c1b09.js?body=1" for ::1 at 2016-01-24 18:08:18 +0200


Started GET "/assets/turbolinks.self-c37727e9bd6b2735da5c311aa83fead54ed0be6cc8bd9a65309e9c5abe2cbfff.js?body=1" for ::1 at 2016-01-24 18:08:18 +0200


Started GET "/assets/application.self-3b8dabdc891efe46b9a144b400ad69e37d7e5876bdc39dee783419a69d7ca819.js?body=1" for ::1 at 2016-01-24 18:08:18 +0200
  [1m[36m (0.4ms)[0m  [1mbegin transaction[0m
  [1m[35mSQL (1.4ms)[0m  INSERT INTO "breweries" ("name", "year", "created_at", "updated_at") VALUES (?, ?, ?, ?)  [["name", "Stadin Panimo"], ["year", 1997], ["created_at", "2016-01-24 16:09:36.276786"], ["updated_at", "2016-01-24 16:09:36.276786"]]
  [1m[36m (0.8ms)[0m  [1mcommit transaction[0m
  [1m[35m (0.2ms)[0m  begin transaction
  [1m[36mSQL (0.4ms)[0m  [1mINSERT INTO "breweries" ("name", "year", "created_at", "updated_at") VALUES (?, ?, ?, ?)[0m  [["name", "Weihenstephan"], ["year", 1042], ["created_at", "2016-01-24 16:09:42.759505"], ["updated_at", "2016-01-24 16:09:42.759505"]]
  [1m[35m (1.1ms)[0m  commit transaction
  [1m[36m (0.3ms)[0m  [1mbegin transaction[0m
  [1m[35mSQL (0.3ms)[0m  INSERT INTO "breweries" ("name", "year", "created_at", "updated_at") VALUES (?, ?, ?, ?)  [["name", "Kumpulan panimo"], ["year", 2012], ["created_at", "2016-01-24 16:10:10.326326"], ["updated_at", "2016-01-24 16:10:10.326326"]]
  [1m[36m (0.9ms)[0m  [1mcommit transaction[0m
  [1m[35mBrewery Load (1.0ms)[0m  SELECT  "breweries".* FROM "breweries" WHERE "breweries"."name" = ? LIMIT 1  [["name", "Kumpulan panimo"]]
  [1m[36m (3.1ms)[0m  [1mbegin transaction[0m
  [1m[35mSQL (0.8ms)[0m  UPDATE "breweries" SET "year" = ?, "updated_at" = ? WHERE "breweries"."id" = ?  [["year", 2016], ["updated_at", "2016-01-24 16:11:09.627960"], ["id", 3]]
  [1m[36m (1.2ms)[0m  [1mcommit transaction[0m
  [1m[35mBrewery Load (0.2ms)[0m  SELECT  "breweries".* FROM "breweries" WHERE "breweries"."name" = ? LIMIT 1  [["name", "Kumpulan panimo"]]
  [1m[36m (1.0ms)[0m  [1mbegin transaction[0m
  [1m[35mSQL (1.4ms)[0m  DELETE FROM "breweries" WHERE "breweries"."id" = ?  [["id", 3]]
  [1m[36m (4.3ms)[0m  [1mcommit transaction[0m
  [1m[35mBrewery Load (0.2ms)[0m  SELECT  "breweries".* FROM "breweries" WHERE "breweries"."name" = ? LIMIT 1  [["name", "Kumpulan panimo"]]


Started GET "/breweries" for ::1 at 2016-01-24 18:12:15 +0200
Processing by BreweriesController#index as HTML
  [1m[35mBrewery Load (1.1ms)[0m  SELECT "breweries".* FROM "breweries"
  Rendered breweries/index.html.erb within layouts/application (42.0ms)
Completed 200 OK in 118ms (Views: 108.2ms | ActiveRecord: 1.6ms)


Started GET "/assets/breweries.self-e3b0c44298fc1c149afbf4c8996fb92427ae41e4649b934ca495991b7852b855.css?body=1" for ::1 at 2016-01-24 18:12:15 +0200


Started GET "/assets/jquery.self-c64a74367bda6ef8b860f19e74df08927ca99d2be2ac934e9e92d5fd361e0da4.js?body=1" for ::1 at 2016-01-24 18:12:15 +0200


Started GET "/assets/scaffolds.self-1a9e06cce494d6250898a9739515f61ffc4481781524fb0a4ffc79196042f604.css?body=1" for ::1 at 2016-01-24 18:12:15 +0200


Started GET "/assets/application.self-e80e8f2318043e8af94dddc2adad5a4f09739a8ebb323b3ab31cd71d45fd9113.css?body=1" for ::1 at 2016-01-24 18:12:15 +0200


Started GET "/assets/breweries.self-877aef30ae1b040ab8a3aba4e3e309a11d7f2612f44dde450b5c157aa5f95c05.js?body=1" for ::1 at 2016-01-24 18:12:15 +0200


Started GET "/assets/jquery_ujs.self-d602bdfe68ffc63b9f9cc512872aa3cfff046228a0a36e90dd476e8ef54c1b09.js?body=1" for ::1 at 2016-01-24 18:12:15 +0200


Started GET "/assets/turbolinks.self-c37727e9bd6b2735da5c311aa83fead54ed0be6cc8bd9a65309e9c5abe2cbfff.js?body=1" for ::1 at 2016-01-24 18:12:15 +0200


Started GET "/assets/application.self-3b8dabdc891efe46b9a144b400ad69e37d7e5876bdc39dee783419a69d7ca819.js?body=1" for ::1 at 2016-01-24 18:12:15 +0200
  [1m[36mActiveRecord::SchemaMigration Load (0.2ms)[0m  [1mSELECT "schema_migrations".* FROM "schema_migrations"[0m
Migrating to CreateBeers (20160124162321)
  [1m[35m (0.1ms)[0m  begin transaction
  [1m[36m (1.0ms)[0m  [1mCREATE TABLE "beers" ("id" INTEGER PRIMARY KEY AUTOINCREMENT NOT NULL, "name" varchar, "style" varchar, "brewery_id" integer, "created_at" datetime NOT NULL, "updated_at" datetime NOT NULL) [0m
  [1m[35mSQL (0.3ms)[0m  INSERT INTO "schema_migrations" ("version") VALUES (?)  [["version", "20160124162321"]]
  [1m[36m (1.7ms)[0m  [1mcommit transaction[0m
  [1m[35mActiveRecord::SchemaMigration Load (0.1ms)[0m  SELECT "schema_migrations".* FROM "schema_migrations"
  [1m[36m (1.4ms)[0m  [1mCREATE TABLE "beers" ("id" INTEGER PRIMARY KEY AUTOINCREMENT NOT NULL, "name" varchar, "style" varchar, "brewery_id" integer, "created_at" datetime NOT NULL, "updated_at" datetime NOT NULL) [0m
  [1m[35m (0.9ms)[0m  CREATE TABLE "breweries" ("id" INTEGER PRIMARY KEY AUTOINCREMENT NOT NULL, "name" varchar, "year" integer, "created_at" datetime NOT NULL, "updated_at" datetime NOT NULL) 
  [1m[36m (1.3ms)[0m  [1mCREATE TABLE "schema_migrations" ("version" varchar NOT NULL) [0m
  [1m[35m (0.5ms)[0m  select sqlite_version(*)
  [1m[36m (1.5ms)[0m  [1mCREATE UNIQUE INDEX "unique_schema_migrations" ON "schema_migrations" ("version")[0m
  [1m[35m (3.9ms)[0m  SELECT version FROM "schema_migrations"
  [1m[36m (4.7ms)[0m  [1mINSERT INTO "schema_migrations" (version) VALUES ('20160124162321')[0m
  [1m[35m (6.4ms)[0m  INSERT INTO "schema_migrations" (version) VALUES ('20160124155829')
  [1m[36m (10.7ms)[0m  [1mCREATE TABLE "beers" ("id" INTEGER PRIMARY KEY AUTOINCREMENT NOT NULL, "name" varchar, "style" varchar, "brewery_id" integer, "created_at" datetime NOT NULL, "updated_at" datetime NOT NULL) [0m
  [1m[35m (2.8ms)[0m  CREATE TABLE "breweries" ("id" INTEGER PRIMARY KEY AUTOINCREMENT NOT NULL, "name" varchar, "year" integer, "created_at" datetime NOT NULL, "updated_at" datetime NOT NULL) 
  [1m[36m (1.3ms)[0m  [1mCREATE TABLE "schema_migrations" ("version" varchar NOT NULL) [0m
  [1m[35m (0.1ms)[0m  select sqlite_version(*)
  [1m[36m (1.0ms)[0m  [1mCREATE UNIQUE INDEX "unique_schema_migrations" ON "schema_migrations" ("version")[0m
  [1m[35m (0.2ms)[0m  SELECT version FROM "schema_migrations"
  [1m[36m (0.8ms)[0m  [1mINSERT INTO "schema_migrations" (version) VALUES ('20160124162321')[0m
  [1m[35m (0.8ms)[0m  INSERT INTO "schema_migrations" (version) VALUES ('20160124155829')
  [1m[36mActiveRecord::SchemaMigration Load (0.1ms)[0m  [1mSELECT "schema_migrations".* FROM "schema_migrations"[0m
  [1m[35m (0.1ms)[0m  begin transaction
  [1m[36mSQL (0.4ms)[0m  [1mINSERT INTO "breweries" ("name", "year", "created_at", "updated_at") VALUES (?, ?, ?, ?)[0m  [["name", "Koff"], ["year", 1897], ["created_at", "2016-01-24 16:25:00.730900"], ["updated_at", "2016-01-24 16:25:00.730900"]]
  [1m[35m (0.9ms)[0m  commit transaction
  [1m[36m (0.1ms)[0m  [1mbegin transaction[0m
  [1m[35mSQL (0.3ms)[0m  INSERT INTO "breweries" ("name", "year", "created_at", "updated_at") VALUES (?, ?, ?, ?)  [["name", "Malmgard"], ["year", 2001], ["created_at", "2016-01-24 16:25:00.737112"], ["updated_at", "2016-01-24 16:25:00.737112"]]
  [1m[36m (1.6ms)[0m  [1mcommit transaction[0m
  [1m[35m (0.1ms)[0m  begin transaction
  [1m[36mSQL (0.2ms)[0m  [1mINSERT INTO "breweries" ("name", "year", "created_at", "updated_at") VALUES (?, ?, ?, ?)[0m  [["name", "Weihenstephaner"], ["year", 1042], ["created_at", "2016-01-24 16:25:00.742229"], ["updated_at", "2016-01-24 16:25:00.742229"]]
  [1m[35m (0.7ms)[0m  commit transaction


Started GET "/breweries" for ::1 at 2016-01-24 18:25:43 +0200
  [1m[36mActiveRecord::SchemaMigration Load (0.6ms)[0m  [1mSELECT "schema_migrations".* FROM "schema_migrations"[0m
Processing by BreweriesController#index as HTML
  [1m[35mBrewery Load (0.7ms)[0m  SELECT "breweries".* FROM "breweries"
  Rendered breweries/index.html.erb within layouts/application (11.9ms)
Completed 200 OK in 383ms (Views: 369.9ms | ActiveRecord: 1.1ms)


Started GET "/assets/application.self-e80e8f2318043e8af94dddc2adad5a4f09739a8ebb323b3ab31cd71d45fd9113.css?body=1" for ::1 at 2016-01-24 18:25:44 +0200


Started GET "/assets/beers.self-e3b0c44298fc1c149afbf4c8996fb92427ae41e4649b934ca495991b7852b855.css?body=1" for ::1 at 2016-01-24 18:25:44 +0200


Started GET "/assets/breweries.self-e3b0c44298fc1c149afbf4c8996fb92427ae41e4649b934ca495991b7852b855.css?body=1" for ::1 at 2016-01-24 18:25:44 +0200


Started GET "/assets/turbolinks.self-c37727e9bd6b2735da5c311aa83fead54ed0be6cc8bd9a65309e9c5abe2cbfff.js?body=1" for ::1 at 2016-01-24 18:25:44 +0200


Started GET "/assets/scaffolds.self-1a9e06cce494d6250898a9739515f61ffc4481781524fb0a4ffc79196042f604.css?body=1" for ::1 at 2016-01-24 18:25:44 +0200


Started GET "/assets/jquery_ujs.self-d602bdfe68ffc63b9f9cc512872aa3cfff046228a0a36e90dd476e8ef54c1b09.js?body=1" for ::1 at 2016-01-24 18:25:44 +0200


Started GET "/assets/beers.self-877aef30ae1b040ab8a3aba4e3e309a11d7f2612f44dde450b5c157aa5f95c05.js?body=1" for ::1 at 2016-01-24 18:25:44 +0200


Started GET "/assets/jquery.self-c64a74367bda6ef8b860f19e74df08927ca99d2be2ac934e9e92d5fd361e0da4.js?body=1" for ::1 at 2016-01-24 18:25:44 +0200


Started GET "/assets/breweries.self-877aef30ae1b040ab8a3aba4e3e309a11d7f2612f44dde450b5c157aa5f95c05.js?body=1" for ::1 at 2016-01-24 18:25:44 +0200


Started GET "/assets/application.self-3b8dabdc891efe46b9a144b400ad69e37d7e5876bdc39dee783419a69d7ca819.js?body=1" for ::1 at 2016-01-24 18:25:44 +0200


Started GET "/beers" for ::1 at 2016-01-24 18:25:48 +0200
Processing by BeersController#index as HTML
  [1m[36mBeer Load (0.6ms)[0m  [1mSELECT "beers".* FROM "beers"[0m
  Rendered beers/index.html.erb within layouts/application (3.6ms)
Completed 200 OK in 27ms (Views: 22.2ms | ActiveRecord: 0.8ms)
  [1m[36mActiveRecord::SchemaMigration Load (0.5ms)[0m  [1mSELECT "schema_migrations".* FROM "schema_migrations"[0m
  [1m[35mActiveRecord::SchemaMigration Load (0.1ms)[0m  SELECT "schema_migrations".* FROM "schema_migrations"
  [1m[36m (1.4ms)[0m  [1mCREATE TABLE "beers" ("id" INTEGER PRIMARY KEY AUTOINCREMENT NOT NULL, "name" varchar, "style" varchar, "brewery_id" integer, "created_at" datetime NOT NULL, "updated_at" datetime NOT NULL) [0m
  [1m[35m (1.3ms)[0m  CREATE TABLE "breweries" ("id" INTEGER PRIMARY KEY AUTOINCREMENT NOT NULL, "name" varchar, "year" integer, "created_at" datetime NOT NULL, "updated_at" datetime NOT NULL) 
  [1m[36m (0.9ms)[0m  [1mCREATE TABLE "schema_migrations" ("version" varchar NOT NULL) [0m
  [1m[35m (0.1ms)[0m  select sqlite_version(*)
  [1m[36m (0.9ms)[0m  [1mCREATE UNIQUE INDEX "unique_schema_migrations" ON "schema_migrations" ("version")[0m
  [1m[35m (0.2ms)[0m  SELECT version FROM "schema_migrations"
  [1m[36m (1.1ms)[0m  [1mINSERT INTO "schema_migrations" (version) VALUES ('20160124162321')[0m
  [1m[35m (1.2ms)[0m  INSERT INTO "schema_migrations" (version) VALUES ('20160124155829')
  [1m[36m (1.2ms)[0m  [1mCREATE TABLE "beers" ("id" INTEGER PRIMARY KEY AUTOINCREMENT NOT NULL, "name" varchar, "style" varchar, "brewery_id" integer, "created_at" datetime NOT NULL, "updated_at" datetime NOT NULL) [0m
  [1m[35m (1.0ms)[0m  CREATE TABLE "breweries" ("id" INTEGER PRIMARY KEY AUTOINCREMENT NOT NULL, "name" varchar, "year" integer, "created_at" datetime NOT NULL, "updated_at" datetime NOT NULL) 
  [1m[36m (1.0ms)[0m  [1mCREATE TABLE "schema_migrations" ("version" varchar NOT NULL) [0m
  [1m[35m (0.0ms)[0m  select sqlite_version(*)
  [1m[36m (0.9ms)[0m  [1mCREATE UNIQUE INDEX "unique_schema_migrations" ON "schema_migrations" ("version")[0m
  [1m[35m (0.2ms)[0m  SELECT version FROM "schema_migrations"
  [1m[36m (1.1ms)[0m  [1mINSERT INTO "schema_migrations" (version) VALUES ('20160124162321')[0m
  [1m[35m (1.3ms)[0m  INSERT INTO "schema_migrations" (version) VALUES ('20160124155829')
  [1m[36mActiveRecord::SchemaMigration Load (0.1ms)[0m  [1mSELECT "schema_migrations".* FROM "schema_migrations"[0m
  [1m[35m (0.1ms)[0m  begin transaction
  [1m[36mSQL (0.4ms)[0m  [1mINSERT INTO "breweries" ("name", "year", "created_at", "updated_at") VALUES (?, ?, ?, ?)[0m  [["name", "Koff"], ["year", 1897], ["created_at", "2016-01-24 16:27:32.951562"], ["updated_at", "2016-01-24 16:27:32.951562"]]
  [1m[35m (0.8ms)[0m  commit transaction
  [1m[36m (0.1ms)[0m  [1mbegin transaction[0m
  [1m[35mSQL (0.2ms)[0m  INSERT INTO "breweries" ("name", "year", "created_at", "updated_at") VALUES (?, ?, ?, ?)  [["name", "Malmgard"], ["year", 2001], ["created_at", "2016-01-24 16:27:32.958595"], ["updated_at", "2016-01-24 16:27:32.958595"]]
  [1m[36m (0.8ms)[0m  [1mcommit transaction[0m
  [1m[35m (0.1ms)[0m  begin transaction
  [1m[36mSQL (1.2ms)[0m  [1mINSERT INTO "breweries" ("name", "year", "created_at", "updated_at") VALUES (?, ?, ?, ?)[0m  [["name", "Weihenstephaner"], ["year", 1042], ["created_at", "2016-01-24 16:27:32.961244"], ["updated_at", "2016-01-24 16:27:32.961244"]]
  [1m[35m (1.0ms)[0m  commit transaction
  [1m[36m (1.6ms)[0m  [1mCREATE TABLE "beers" ("id" INTEGER PRIMARY KEY AUTOINCREMENT NOT NULL, "name" varchar, "style" varchar, "brewery_id" integer, "created_at" datetime NOT NULL, "updated_at" datetime NOT NULL) [0m
  [1m[35m (1.5ms)[0m  CREATE TABLE "breweries" ("id" INTEGER PRIMARY KEY AUTOINCREMENT NOT NULL, "name" varchar, "year" integer, "created_at" datetime NOT NULL, "updated_at" datetime NOT NULL) 
  [1m[36m (1.4ms)[0m  [1mCREATE TABLE "schema_migrations" ("version" varchar NOT NULL) [0m
  [1m[35m (0.1ms)[0m  select sqlite_version(*)
  [1m[36m (1.3ms)[0m  [1mCREATE UNIQUE INDEX "unique_schema_migrations" ON "schema_migrations" ("version")[0m
  [1m[35m (0.2ms)[0m  SELECT version FROM "schema_migrations"
  [1m[36m (1.4ms)[0m  [1mINSERT INTO "schema_migrations" (version) VALUES ('20160124162321')[0m
  [1m[35m (1.3ms)[0m  INSERT INTO "schema_migrations" (version) VALUES ('20160124155829')
  [1m[36m (2.1ms)[0m  [1mCREATE TABLE "beers" ("id" INTEGER PRIMARY KEY AUTOINCREMENT NOT NULL, "name" varchar, "style" varchar, "brewery_id" integer, "created_at" datetime NOT NULL, "updated_at" datetime NOT NULL) [0m
  [1m[35m (1.3ms)[0m  CREATE TABLE "breweries" ("id" INTEGER PRIMARY KEY AUTOINCREMENT NOT NULL, "name" varchar, "year" integer, "created_at" datetime NOT NULL, "updated_at" datetime NOT NULL) 
  [1m[36m (1.2ms)[0m  [1mCREATE TABLE "schema_migrations" ("version" varchar NOT NULL) [0m
  [1m[35m (0.1ms)[0m  select sqlite_version(*)
  [1m[36m (1.5ms)[0m  [1mCREATE UNIQUE INDEX "unique_schema_migrations" ON "schema_migrations" ("version")[0m
  [1m[35m (0.3ms)[0m  SELECT version FROM "schema_migrations"
  [1m[36m (1.2ms)[0m  [1mINSERT INTO "schema_migrations" (version) VALUES ('20160124162321')[0m
  [1m[35m (1.0ms)[0m  INSERT INTO "schema_migrations" (version) VALUES ('20160124155829')
  [1m[36mActiveRecord::SchemaMigration Load (0.1ms)[0m  [1mSELECT "schema_migrations".* FROM "schema_migrations"[0m
  [1m[35m (0.1ms)[0m  begin transaction
  [1m[36mSQL (0.6ms)[0m  [1mINSERT INTO "breweries" ("name", "year", "created_at", "updated_at") VALUES (?, ?, ?, ?)[0m  [["name", "Koff"], ["year", 1897], ["created_at", "2016-01-24 16:29:22.885943"], ["updated_at", "2016-01-24 16:29:22.885943"]]
  [1m[35m (1.0ms)[0m  commit transaction
  [1m[36m (0.1ms)[0m  [1mbegin transaction[0m
  [1m[35mSQL (1.7ms)[0m  INSERT INTO "breweries" ("name", "year", "created_at", "updated_at") VALUES (?, ?, ?, ?)  [["name", "Malmgard"], ["year", 2001], ["created_at", "2016-01-24 16:29:22.893312"], ["updated_at", "2016-01-24 16:29:22.893312"]]
  [1m[36m (1.6ms)[0m  [1mcommit transaction[0m
  [1m[35m (0.1ms)[0m  begin transaction
  [1m[36mSQL (0.3ms)[0m  [1mINSERT INTO "breweries" ("name", "year", "created_at", "updated_at") VALUES (?, ?, ?, ?)[0m  [["name", "Weihenstephaner"], ["year", 1042], ["created_at", "2016-01-24 16:29:22.900746"], ["updated_at", "2016-01-24 16:29:22.900746"]]
  [1m[35m (0.8ms)[0m  commit transaction
  [1m[36m (0.0ms)[0m  [1mbegin transaction[0m
  [1m[35mSQL (0.5ms)[0m  INSERT INTO "beers" ("name", "style", "brewery_id", "created_at", "updated_at") VALUES (?, ?, ?, ?, ?)  [["name", "Iso 3"], ["style", "Lager"], ["brewery_id", 1], ["created_at", "2016-01-24 16:29:22.935119"], ["updated_at", "2016-01-24 16:29:22.935119"]]
  [1m[36m (1.0ms)[0m  [1mcommit transaction[0m
  [1m[35m (0.1ms)[0m  begin transaction
  [1m[36mSQL (0.2ms)[0m  [1mINSERT INTO "beers" ("name", "style", "brewery_id", "created_at", "updated_at") VALUES (?, ?, ?, ?, ?)[0m  [["name", "Karhu"], ["style", "Lager"], ["brewery_id", 1], ["created_at", "2016-01-24 16:29:22.940059"], ["updated_at", "2016-01-24 16:29:22.940059"]]
  [1m[35m (0.9ms)[0m  commit transaction
  [1m[36m (0.1ms)[0m  [1mbegin transaction[0m
  [1m[35mSQL (0.3ms)[0m  INSERT INTO "beers" ("name", "style", "brewery_id", "created_at", "updated_at") VALUES (?, ?, ?, ?, ?)  [["name", "Tuplahumala"], ["style", "Lager"], ["brewery_id", 1], ["created_at", "2016-01-24 16:29:22.943244"], ["updated_at", "2016-01-24 16:29:22.943244"]]
  [1m[36m (0.9ms)[0m  [1mcommit transaction[0m
  [1m[35m (0.1ms)[0m  begin transaction
  [1m[36mSQL (0.3ms)[0m  [1mINSERT INTO "beers" ("name", "style", "brewery_id", "created_at", "updated_at") VALUES (?, ?, ?, ?, ?)[0m  [["name", "Huvila Pale Ale"], ["style", "Pale Ale"], ["brewery_id", 2], ["created_at", "2016-01-24 16:29:22.947060"], ["updated_at", "2016-01-24 16:29:22.947060"]]
  [1m[35m (0.9ms)[0m  commit transaction
  [1m[36m (0.1ms)[0m  [1mbegin transaction[0m
  [1m[35mSQL (0.2ms)[0m  INSERT INTO "beers" ("name", "style", "brewery_id", "created_at", "updated_at") VALUES (?, ?, ?, ?, ?)  [["name", "X Porter"], ["style", "Porter"], ["brewery_id", 2], ["created_at", "2016-01-24 16:29:22.950266"], ["updated_at", "2016-01-24 16:29:22.950266"]]
  [1m[36m (0.8ms)[0m  [1mcommit transaction[0m
  [1m[35m (0.1ms)[0m  begin transaction
  [1m[36mSQL (0.2ms)[0m  [1mINSERT INTO "beers" ("name", "style", "brewery_id", "created_at", "updated_at") VALUES (?, ?, ?, ?, ?)[0m  [["name", "Hefeweizen"], ["style", "Weizen"], ["brewery_id", 3], ["created_at", "2016-01-24 16:29:22.953571"], ["updated_at", "2016-01-24 16:29:22.953571"]]
  [1m[35m (0.9ms)[0m  commit transaction
  [1m[36m (0.1ms)[0m  [1mbegin transaction[0m
  [1m[35mSQL (0.2ms)[0m  INSERT INTO "beers" ("name", "style", "brewery_id", "created_at", "updated_at") VALUES (?, ?, ?, ?, ?)  [["name", "Helles"], ["style", "Lager"], ["brewery_id", 3], ["created_at", "2016-01-24 16:29:22.956597"], ["updated_at", "2016-01-24 16:29:22.956597"]]
  [1m[36m (1.1ms)[0m  [1mcommit transaction[0m
  [1m[36m (0.3ms)[0m  [1mbegin transaction[0m
  [1m[35mSQL (1.7ms)[0m  INSERT INTO "breweries" ("name", "year", "created_at", "updated_at") VALUES (?, ?, ?, ?)  [["name", "Hartwall"], ["year", 1905], ["created_at", "2016-01-24 16:32:22.802214"], ["updated_at", "2016-01-24 16:32:22.802214"]]
  [1m[36m (1.0ms)[0m  [1mcommit transaction[0m
  [1m[35m (0.8ms)[0m  begin transaction
  [1m[36mSQL (2.8ms)[0m  [1mINSERT INTO "beers" ("name", "style", "brewery_id", "created_at", "updated_at") VALUES (?, ?, ?, ?, ?)[0m  [["name", "Karjala"], ["style", "Lager"], ["brewery_id", 4], ["created_at", "2016-01-24 16:33:26.394744"], ["updated_at", "2016-01-24 16:33:26.394744"]]
  [1m[35m (1.7ms)[0m  commit transaction
  [1m[36m (0.3ms)[0m  [1mbegin transaction[0m
  [1m[35mSQL (0.4ms)[0m  INSERT INTO "beers" ("name", "style", "brewery_id", "created_at", "updated_at") VALUES (?, ?, ?, ?, ?)  [["name", "Lapin Kulta"], ["style", "Lager"], ["brewery_id", 4], ["created_at", "2016-01-24 16:33:35.644338"], ["updated_at", "2016-01-24 16:33:35.644338"]]
  [1m[36m (9.2ms)[0m  [1mcommit transaction[0m
  [1m[35m (1.3ms)[0m  begin transaction
  [1m[36mSQL (1.6ms)[0m  [1mINSERT INTO "beers" ("name", "style", "brewery_id", "created_at", "updated_at") VALUES (?, ?, ?, ?, ?)[0m  [["name", "Sininen"], ["style", "Lager"], ["brewery_id", 4], ["created_at", "2016-01-24 16:33:50.422016"], ["updated_at", "2016-01-24 16:33:50.422016"]]
  [1m[35m (0.9ms)[0m  commit transaction
  [1m[36m (0.2ms)[0m  [1mbegin transaction[0m
  [1m[35mSQL (8.9ms)[0m  DELETE FROM "breweries" WHERE "breweries"."id" = ?  [["id", 4]]
  [1m[36m (1.1ms)[0m  [1mcommit transaction[0m
  [1m[35mBeer Load (1.7ms)[0m  SELECT "beers".* FROM "beers" WHERE "beers"."id" IS NULL
  [1m[36mBeer Load (0.4ms)[0m  [1mSELECT "beers".* FROM "beers" WHERE "beers"."id" = ?[0m  [["id", 4]]
  [1m[35mBeer Load (0.4ms)[0m  SELECT "beers".* FROM "beers"
  [1m[36mBeer Load (0.4ms)[0m  [1mSELECT "beers".* FROM "beers"[0m
  [1m[35mBeer Load (5.1ms)[0m  SELECT "beers".* FROM "beers"
  [1m[36m (0.6ms)[0m  [1mbegin transaction[0m
  [1m[35mSQL (1.1ms)[0m  DELETE FROM "beers" WHERE "beers"."id" = ?  [["id", 1]]
  [1m[36m (0.7ms)[0m  [1mcommit transaction[0m
  [1m[35m (0.1ms)[0m  begin transaction
  [1m[36mSQL (0.3ms)[0m  [1mDELETE FROM "beers" WHERE "beers"."id" = ?[0m  [["id", 2]]
  [1m[35m (2.2ms)[0m  commit transaction
  [1m[36m (0.1ms)[0m  [1mbegin transaction[0m
  [1m[35mSQL (0.3ms)[0m  DELETE FROM "beers" WHERE "beers"."id" = ?  [["id", 3]]
  [1m[36m (1.7ms)[0m  [1mcommit transaction[0m
  [1m[35m (0.1ms)[0m  begin transaction
  [1m[36mSQL (0.2ms)[0m  [1mDELETE FROM "beers" WHERE "beers"."id" = ?[0m  [["id", 4]]
  [1m[35m (0.9ms)[0m  commit transaction
  [1m[36m (0.1ms)[0m  [1mbegin transaction[0m
  [1m[35mSQL (0.8ms)[0m  DELETE FROM "beers" WHERE "beers"."id" = ?  [["id", 5]]
  [1m[36m (3.7ms)[0m  [1mcommit transaction[0m
  [1m[35m (0.1ms)[0m  begin transaction
  [1m[36mSQL (0.2ms)[0m  [1mDELETE FROM "beers" WHERE "beers"."id" = ?[0m  [["id", 6]]
  [1m[35m (2.3ms)[0m  commit transaction
  [1m[36m (0.1ms)[0m  [1mbegin transaction[0m
  [1m[35mSQL (0.3ms)[0m  DELETE FROM "beers" WHERE "beers"."id" = ?  [["id", 7]]
  [1m[36m (0.7ms)[0m  [1mcommit transaction[0m
  [1m[35m (0.1ms)[0m  begin transaction
  [1m[36mSQL (0.2ms)[0m  [1mDELETE FROM "beers" WHERE "beers"."id" = ?[0m  [["id", 8]]
  [1m[35m (0.5ms)[0m  commit transaction
  [1m[36m (0.0ms)[0m  [1mbegin transaction[0m
  [1m[35mSQL (0.2ms)[0m  DELETE FROM "beers" WHERE "beers"."id" = ?  [["id", 9]]
  [1m[36m (2.4ms)[0m  [1mcommit transaction[0m
  [1m[35m (0.1ms)[0m  begin transaction
  [1m[36mSQL (0.2ms)[0m  [1mDELETE FROM "beers" WHERE "beers"."id" = ?[0m  [["id", 10]]
  [1m[35m (0.7ms)[0m  commit transaction


Started GET "/beers" for ::1 at 2016-01-24 18:36:30 +0200
Processing by BeersController#index as HTML
  [1m[35mBeer Load (2.3ms)[0m  SELECT "beers".* FROM "beers"
  Rendered beers/index.html.erb within layouts/application (9.9ms)
Completed 200 OK in 82ms (Views: 57.2ms | ActiveRecord: 2.6ms)


Started GET "/assets/beers.self-e3b0c44298fc1c149afbf4c8996fb92427ae41e4649b934ca495991b7852b855.css?body=1" for ::1 at 2016-01-24 18:36:30 +0200


Started GET "/assets/breweries.self-e3b0c44298fc1c149afbf4c8996fb92427ae41e4649b934ca495991b7852b855.css?body=1" for ::1 at 2016-01-24 18:36:30 +0200


Started GET "/assets/application.self-e80e8f2318043e8af94dddc2adad5a4f09739a8ebb323b3ab31cd71d45fd9113.css?body=1" for ::1 at 2016-01-24 18:36:30 +0200


Started GET "/assets/jquery.self-c64a74367bda6ef8b860f19e74df08927ca99d2be2ac934e9e92d5fd361e0da4.js?body=1" for ::1 at 2016-01-24 18:36:30 +0200


Started GET "/assets/scaffolds.self-1a9e06cce494d6250898a9739515f61ffc4481781524fb0a4ffc79196042f604.css?body=1" for ::1 at 2016-01-24 18:36:30 +0200


Started GET "/assets/jquery_ujs.self-d602bdfe68ffc63b9f9cc512872aa3cfff046228a0a36e90dd476e8ef54c1b09.js?body=1" for ::1 at 2016-01-24 18:36:30 +0200


Started GET "/assets/turbolinks.self-c37727e9bd6b2735da5c311aa83fead54ed0be6cc8bd9a65309e9c5abe2cbfff.js?body=1" for ::1 at 2016-01-24 18:36:30 +0200


Started GET "/assets/beers.self-877aef30ae1b040ab8a3aba4e3e309a11d7f2612f44dde450b5c157aa5f95c05.js?body=1" for ::1 at 2016-01-24 18:36:30 +0200


Started GET "/assets/breweries.self-877aef30ae1b040ab8a3aba4e3e309a11d7f2612f44dde450b5c157aa5f95c05.js?body=1" for ::1 at 2016-01-24 18:36:30 +0200


Started GET "/assets/application.self-3b8dabdc891efe46b9a144b400ad69e37d7e5876bdc39dee783419a69d7ca819.js?body=1" for ::1 at 2016-01-24 18:36:30 +0200
  [1m[36m (1.8ms)[0m  [1mCREATE TABLE "beers" ("id" INTEGER PRIMARY KEY AUTOINCREMENT NOT NULL, "name" varchar, "style" varchar, "brewery_id" integer, "created_at" datetime NOT NULL, "updated_at" datetime NOT NULL) [0m
  [1m[35m (1.2ms)[0m  CREATE TABLE "breweries" ("id" INTEGER PRIMARY KEY AUTOINCREMENT NOT NULL, "name" varchar, "year" integer, "created_at" datetime NOT NULL, "updated_at" datetime NOT NULL) 
  [1m[36m (1.2ms)[0m  [1mCREATE TABLE "schema_migrations" ("version" varchar NOT NULL) [0m
  [1m[35m (0.1ms)[0m  select sqlite_version(*)
  [1m[36m (1.9ms)[0m  [1mCREATE UNIQUE INDEX "unique_schema_migrations" ON "schema_migrations" ("version")[0m
  [1m[35m (0.2ms)[0m  SELECT version FROM "schema_migrations"
  [1m[36m (1.3ms)[0m  [1mINSERT INTO "schema_migrations" (version) VALUES ('20160124162321')[0m
  [1m[35m (1.2ms)[0m  INSERT INTO "schema_migrations" (version) VALUES ('20160124155829')
  [1m[36m (1.3ms)[0m  [1mCREATE TABLE "beers" ("id" INTEGER PRIMARY KEY AUTOINCREMENT NOT NULL, "name" varchar, "style" varchar, "brewery_id" integer, "created_at" datetime NOT NULL, "updated_at" datetime NOT NULL) [0m
  [1m[35m (1.1ms)[0m  CREATE TABLE "breweries" ("id" INTEGER PRIMARY KEY AUTOINCREMENT NOT NULL, "name" varchar, "year" integer, "created_at" datetime NOT NULL, "updated_at" datetime NOT NULL) 
  [1m[36m (1.1ms)[0m  [1mCREATE TABLE "schema_migrations" ("version" varchar NOT NULL) [0m
  [1m[35m (0.1ms)[0m  select sqlite_version(*)
  [1m[36m (0.9ms)[0m  [1mCREATE UNIQUE INDEX "unique_schema_migrations" ON "schema_migrations" ("version")[0m
  [1m[35m (0.2ms)[0m  SELECT version FROM "schema_migrations"
  [1m[36m (1.2ms)[0m  [1mINSERT INTO "schema_migrations" (version) VALUES ('20160124162321')[0m
  [1m[35m (1.4ms)[0m  INSERT INTO "schema_migrations" (version) VALUES ('20160124155829')
  [1m[36mActiveRecord::SchemaMigration Load (0.1ms)[0m  [1mSELECT "schema_migrations".* FROM "schema_migrations"[0m
  [1m[35m (0.1ms)[0m  begin transaction
  [1m[36mSQL (0.4ms)[0m  [1mINSERT INTO "breweries" ("name", "year", "created_at", "updated_at") VALUES (?, ?, ?, ?)[0m  [["name", "Koff"], ["year", 1897], ["created_at", "2016-01-24 16:36:38.004505"], ["updated_at", "2016-01-24 16:36:38.004505"]]
  [1m[35m (1.1ms)[0m  commit transaction
  [1m[36m (0.1ms)[0m  [1mbegin transaction[0m
  [1m[35mSQL (0.2ms)[0m  INSERT INTO "breweries" ("name", "year", "created_at", "updated_at") VALUES (?, ?, ?, ?)  [["name", "Malmgard"], ["year", 2001], ["created_at", "2016-01-24 16:36:38.011307"], ["updated_at", "2016-01-24 16:36:38.011307"]]
  [1m[36m (1.0ms)[0m  [1mcommit transaction[0m
  [1m[35m (0.1ms)[0m  begin transaction
  [1m[36mSQL (0.2ms)[0m  [1mINSERT INTO "breweries" ("name", "year", "created_at", "updated_at") VALUES (?, ?, ?, ?)[0m  [["name", "Weihenstephaner"], ["year", 1042], ["created_at", "2016-01-24 16:36:38.014226"], ["updated_at", "2016-01-24 16:36:38.014226"]]
  [1m[35m (0.8ms)[0m  commit transaction
  [1m[36m (0.1ms)[0m  [1mbegin transaction[0m
  [1m[35mSQL (0.5ms)[0m  INSERT INTO "beers" ("name", "style", "brewery_id", "created_at", "updated_at") VALUES (?, ?, ?, ?, ?)  [["name", "Iso 3"], ["style", "Lager"], ["brewery_id", 1], ["created_at", "2016-01-24 16:36:38.052838"], ["updated_at", "2016-01-24 16:36:38.052838"]]
  [1m[36m (1.3ms)[0m  [1mcommit transaction[0m
  [1m[35m (0.1ms)[0m  begin transaction
  [1m[36mSQL (0.4ms)[0m  [1mINSERT INTO "beers" ("name", "style", "brewery_id", "created_at", "updated_at") VALUES (?, ?, ?, ?, ?)[0m  [["name", "Karhu"], ["style", "Lager"], ["brewery_id", 1], ["created_at", "2016-01-24 16:36:38.058597"], ["updated_at", "2016-01-24 16:36:38.058597"]]
  [1m[35m (1.1ms)[0m  commit transaction
  [1m[36m (0.1ms)[0m  [1mbegin transaction[0m
  [1m[35mSQL (0.3ms)[0m  INSERT INTO "beers" ("name", "style", "brewery_id", "created_at", "updated_at") VALUES (?, ?, ?, ?, ?)  [["name", "Tuplahumala"], ["style", "Lager"], ["brewery_id", 1], ["created_at", "2016-01-24 16:36:38.062519"], ["updated_at", "2016-01-24 16:36:38.062519"]]
  [1m[36m (0.9ms)[0m  [1mcommit transaction[0m
  [1m[35m (0.1ms)[0m  begin transaction
  [1m[36mSQL (0.2ms)[0m  [1mINSERT INTO "beers" ("name", "style", "brewery_id", "created_at", "updated_at") VALUES (?, ?, ?, ?, ?)[0m  [["name", "Huvila Pale Ale"], ["style", "Pale Ale"], ["brewery_id", 2], ["created_at", "2016-01-24 16:36:38.066667"], ["updated_at", "2016-01-24 16:36:38.066667"]]
  [1m[35m (0.9ms)[0m  commit transaction
  [1m[36m (0.1ms)[0m  [1mbegin transaction[0m
  [1m[35mSQL (0.5ms)[0m  INSERT INTO "beers" ("name", "style", "brewery_id", "created_at", "updated_at") VALUES (?, ?, ?, ?, ?)  [["name", "X Porter"], ["style", "Porter"], ["brewery_id", 2], ["created_at", "2016-01-24 16:36:38.069598"], ["updated_at", "2016-01-24 16:36:38.069598"]]
  [1m[36m (1.1ms)[0m  [1mcommit transaction[0m
  [1m[35m (0.1ms)[0m  begin transaction
  [1m[36mSQL (0.2ms)[0m  [1mINSERT INTO "beers" ("name", "style", "brewery_id", "created_at", "updated_at") VALUES (?, ?, ?, ?, ?)[0m  [["name", "Hefeweizen"], ["style", "Weizen"], ["brewery_id", 3], ["created_at", "2016-01-24 16:36:38.074180"], ["updated_at", "2016-01-24 16:36:38.074180"]]
  [1m[35m (0.8ms)[0m  commit transaction
  [1m[36m (0.1ms)[0m  [1mbegin transaction[0m
  [1m[35mSQL (0.2ms)[0m  INSERT INTO "beers" ("name", "style", "brewery_id", "created_at", "updated_at") VALUES (?, ?, ?, ?, ?)  [["name", "Helles"], ["style", "Lager"], ["brewery_id", 3], ["created_at", "2016-01-24 16:36:38.077284"], ["updated_at", "2016-01-24 16:36:38.077284"]]
  [1m[36m (0.8ms)[0m  [1mcommit transaction[0m
  [1m[36m (0.8ms)[0m  [1mbegin transaction[0m
  [1m[35mSQL (9.3ms)[0m  INSERT INTO "breweries" ("name", "year", "created_at", "updated_at") VALUES (?, ?, ?, ?)  [["name", "Hartwall"], ["year", 1905], ["created_at", "2016-01-24 16:36:44.357663"], ["updated_at", "2016-01-24 16:36:44.357663"]]
  [1m[36m (0.1ms)[0m  [1mrollback transaction[0m
  [1m[36m (0.2ms)[0m  [1mbegin transaction[0m
  [1m[35mSQL (1.2ms)[0m  INSERT INTO "breweries" ("name", "year", "created_at", "updated_at") VALUES (?, ?, ?, ?)  [["name", "Hartwall"], ["year", 1905], ["created_at", "2016-01-24 16:37:32.744521"], ["updated_at", "2016-01-24 16:37:32.744521"]]
  [1m[36m (1.0ms)[0m  [1mcommit transaction[0m
  [1m[35m (0.1ms)[0m  begin transaction
  [1m[36mSQL (0.3ms)[0m  [1mINSERT INTO "beers" ("name", "style", "brewery_id", "created_at", "updated_at") VALUES (?, ?, ?, ?, ?)[0m  [["name", "Karjala"], ["style", "Lager"], ["brewery_id", 4], ["created_at", "2016-01-24 16:37:41.920946"], ["updated_at", "2016-01-24 16:37:41.920946"]]
  [1m[35m (0.9ms)[0m  commit transaction
  [1m[36m (3.4ms)[0m  [1mbegin transaction[0m
  [1m[35mSQL (0.8ms)[0m  INSERT INTO "beers" ("name", "style", "brewery_id", "created_at", "updated_at") VALUES (?, ?, ?, ?, ?)  [["name", "Lapin Kulta"], ["style", "Lager"], ["brewery_id", 4], ["created_at", "2016-01-24 16:37:50.202352"], ["updated_at", "2016-01-24 16:37:50.202352"]]
  [1m[36m (8.8ms)[0m  [1mcommit transaction[0m
  [1m[35m (0.2ms)[0m  begin transaction
  [1m[36mSQL (0.8ms)[0m  [1mINSERT INTO "beers" ("name", "style", "brewery_id", "created_at", "updated_at") VALUES (?, ?, ?, ?, ?)[0m  [["name", "Sininen"], ["style", "Lager"], ["brewery_id", 4], ["created_at", "2016-01-24 16:38:01.153428"], ["updated_at", "2016-01-24 16:38:01.153428"]]
  [1m[35m (1.7ms)[0m  commit transaction
  [1m[36m (0.1ms)[0m  [1mbegin transaction[0m
  [1m[35mSQL (0.5ms)[0m  DELETE FROM "breweries" WHERE "breweries"."id" = ?  [["id", 4]]
  [1m[36m (8.9ms)[0m  [1mcommit transaction[0m
  [1m[35mBeer Load (0.5ms)[0m  SELECT "beers".* FROM "beers"
  [1m[36mBeer Load (0.3ms)[0m  [1mSELECT "beers".* FROM "beers" WHERE (4)[0m
  [1m[35mBeer Load (0.2ms)[0m  SELECT "beers".* FROM "beers" WHERE "beers"."brewery_id" = ?  [["brewery_id", 4]]
  [1m[36mBeer Load (0.2ms)[0m  [1mSELECT "beers".* FROM "beers" WHERE "beers"."brewery_id" = ?[0m  [["brewery_id", 4]]
  [1m[35m (1.3ms)[0m  begin transaction
  [1m[36mSQL (1.0ms)[0m  [1mDELETE FROM "beers" WHERE "beers"."id" = ?[0m  [["id", 8]]
  [1m[35m (0.8ms)[0m  commit transaction
  [1m[36m (0.1ms)[0m  [1mbegin transaction[0m
  [1m[35mSQL (0.2ms)[0m  DELETE FROM "beers" WHERE "beers"."id" = ?  [["id", 9]]
  [1m[36m (0.6ms)[0m  [1mcommit transaction[0m
  [1m[35m (0.0ms)[0m  begin transaction
  [1m[36mSQL (0.2ms)[0m  [1mDELETE FROM "beers" WHERE "beers"."id" = ?[0m  [["id", 10]]
  [1m[35m (7.8ms)[0m  commit transaction
